2019/12/26 13:31:47 [error] 1931#0: lua_load_resty_core failed to load the resty.core module from https://github.com/openresty/lua-resty-core; ensure you are using an OpenResty release from https://openresty.org/en/download.html (rc: 2, reason: module 'resty.core' not found:
	no field package.preload['resty.core']
	no file './resty/core.lua'
	no file '/home/cosmin/luapower/bin/linux64/lua/resty/core.lua'
	no file '/home/cosmin/luapower/bin/linux64/lua/resty/core/init.lua'
	no file '/home/cosmin/luapower/bin/linux64/../../resty/core.lua'
	no file '/home/cosmin/luapower/bin/linux64/../../resty/core/init.lua'
	no file './resty/core.so'
	no file '/home/cosmin/luapower/bin/linux64/clib/resty/core.so'
	no file '/home/cosmin/luapower/bin/linux64/loadall.so'
	no file './resty.so'
	no file '/home/cosmin/luapower/bin/linux64/clib/resty.so'
	no file '/home/cosmin/luapower/bin/linux64/loadall.so')
2019/12/26 13:32:51 [notice] 2872#0: signal process started
2019/12/26 13:33:28 [notice] 2915#0: signal process started
2019/12/26 13:49:22 [notice] 4496#0: signal process started
2019/12/26 13:50:01 [notice] 4542#0: signal process started
2019/12/26 13:50:01 [error] 4542#0: open() "./logs/nginx.pid" failed (2: No such file or directory)
2019/12/26 13:57:37 [notice] 5094#0: signal process started
2019/12/26 14:48:33 [notice] 7612#0: signal process started
2019/12/26 14:48:48 [notice] 8510#0: signal process started
2019/12/26 14:49:59 [notice] 9481#0: signal process started
2019/12/26 15:02:59 [notice] 10937#0: signal process started
2019/12/26 15:10:24 [notice] 12003#0: signal process started
2019/12/26 23:22:11 [notice] 2305#0: signal process started
2019/12/26 23:22:47 [notice] 3212#0: signal process started
2019/12/26 23:22:59 [notice] 4107#0: signal process started
2019/12/26 23:25:38 [notice] 5069#0: signal process started
2019/12/26 23:25:51 [notice] 5962#0: signal process started
2019/12/27 08:41:40 [notice] 17182#0: signal process started
2019/12/27 08:42:37 [notice] 17626#0: signal process started
2019/12/27 13:18:27 [notice] 24031#0: signal process started
2019/12/27 13:19:05 [notice] 24064#0: signal process started
2019/12/27 13:36:54 [notice] 25337#0: signal process started
2019/12/27 13:39:01 [notice] 25448#0: signal process started
2019/12/27 13:46:09 [notice] 26776#0: signal process started
2019/12/27 13:48:07 [notice] 28587#0: signal process started
2019/12/27 13:49:54 [notice] 28673#0: signal process started
2019/12/27 23:14:40 [notice] 9412#0: signal process started
2019/12/27 23:18:15 [notice] 10433#0: signal process started
2019/12/27 23:18:22 [notice] 10456#0: signal process started
2019/12/27 23:22:23 [notice] 10911#0: signal process started
2019/12/27 23:29:34 [notice] 11502#0: signal process started
2020/01/03 20:42:28 [notice] 13194#0: signal process started
2020/01/04 16:25:16 [notice] 21787#0: signal process started
2020/01/04 23:19:33 [notice] 25246#0: signal process started
2020/01/04 23:35:08 [notice] 26395#0: signal process started
2020/01/04 23:36:47 [notice] 27337#0: signal process started
